Cloning from https://github.com/ayokariks/spotfiyproject
Enumerating objects: 23, done.
Counting objects:   4% (1/23)
Counting objects:   8% (2/23)
Counting objects:  13% (3/23)Counting objects:  17% (4/23)
Counting objects:  21% (5/23)Counting objects:  26% (6/23)Counting objects:  30% (7/23)
Counting objects:  34% (8/23)Counting objects:  39% (9/23)
Counting objects:  43% (10/23)Counting objects:  47% (11/23)
Counting objects:  52% (12/23)Counting objects:  56% (13/23)
Counting objects:  60% (14/23)Counting objects:  65% (15/23)Counting objects:  69% (16/23)
Counting objects:  73% (17/23)Counting objects:  78% (18/23)Counting objects:  82% (19/23)
Counting objects:  86% (20/23)Counting objects:  91% (21/23)Counting objects:  95% (22/23)
Counting objects: 100% (23/23)
Counting objects: 100% (23/23), done.
Compressing objects:   5% (1/19)Compressing objects:  10% (2/19)
Compressing objects:  15% (3/19)
Compressing objects:  21% (4/19)Compressing objects:  26% (5/19)
Compressing objects:  31% (6/19)
Compressing objects:  36% (7/19)
Compressing objects:  42% (8/19)
Compressing objects:  47% (9/19)
Compressing objects:  52% (10/19)Compressing objects:  57% (11/19)
Compressing objects:  63% (12/19)
Compressing objects:  68% (13/19)Compressing objects:  73% (14/19)
Compressing objects:  78% (15/19)
Compressing objects:  84% (16/19)
Compressing objects:  89% (17/19)Compressing objects:  94% (18/19)
Compressing objects: 100% (19/19)
Compressing objects: 100% (19/19), done.
Total 23 (delta 0), reused 20 (delta 0), pack-reused 0
